#
# There is insufficient memory for the Java Runtime Environment to continue.
# Native memory allocation (mmap) failed to map 266338304 bytes. Error detail: G1 virtual space
# Possible reasons:
#   The system is out of physical RAM or swap space
#   This process is running with CompressedOops enabled, and the Java Heap may be blocking the growth of the native heap
# Possible solutions:
#   Reduce memory load on the system
#   Increase physical memory or swap space
#   Check if swap backing store is full
#   Decrease Java heap size (-Xmx/-Xms)
#   Decrease number of Java threads
#   Decrease Java thread stack sizes (-Xss)
#   Set larger code cache with -XX:ReservedCodeCacheSize=
#   JVM is running with Zero Based Compressed Oops mode in which the Java heap is
#     placed in the first 32GB address space. The Java Heap base address is the
#     maximum limit for the native heap growth. Please use -XX:HeapBaseMinAddress
#     to set the Java Heap base and to place the Java Heap above 32GB virtual address.
# This output file may be truncated or incomplete.
#
#  Out of Memory Error (os_windows.cpp:3825), pid=13444, tid=13264
#
# JRE version:  (17.0.11+1) (build )
# Java VM: OpenJDK 64-Bit Server VM (17.0.11+1-b1207.24, mixed mode, sharing, tiered, compressed oops, compressed class ptrs, g1 gc, windows-amd64)
# No core dump will be written. Minidumps are not enabled by default on client versions of Windows
#

---------------  S U M M A R Y ------------

Command Line: -Djava.vendor=New Oracle git4idea.http.GitAskPassApp Username for 'https://github.com': 

Host: Intel(R) Core(TM) i7-8550U CPU @ 1.80GHz, 8 cores, 15G,  Windows 10 , 64 bit Build 19041 (10.0.19041.4597)
Time: Tue Aug  6 14:37:47 2024 Paris, Madrid (heure duild 19041 (10.0.19041.4597) elapsed time: 0.065093 seconds (0d 0h 0m 0s)

---------------  T H R E A D  ---------------

Current thread (0x000002a5991a0380):  JavaThread "Unknown thread" [_thread_in_vm, id=13264, stack(0x000000ea19300000,0x000000ea19400000)]

Stack: [0x000000ea19300000,0x000000ea19400000]
Native frames: (J=compiled Java code, j=interpreted, Vv=VM code, C=native code)
V  [jvm.dll+0x6877f9]
V  [jvm.dll+0x8411aa]
V  [jvm.dll+0x842e2e]
V  [jvm.dll+0x843493]
V  [jvm.dll+0x249fdf]
V  [jvm.dll+0x6845c9]
V  [jvm.dll+0x678e7a]
V  [jvm.dll+0x30ab4b]
V  [jvm.dll+0x311ff6]
V  [jvm.dll+0x361a5e]
V  [jvm.dll+0x361c8f]
V  [jvm.dll+0x2e0978]
V  [jvm.dll+0x2e18e4]
V  [jvm.dll+0x811c71]
V  [jvm.dll+0x36f7c8]
V  [jvm.dll+0x7f05f6]
V  [jvm.dll+0x3f398f]
V  [jvm.dll+0x3f5541]
C  [jli.dll+0x528f]
C  [ucrtbase.dll+0x21bb2]
C  [KERNEL32.DLL+0x17374]
C  [ntdll.dll+0x4cc91]


---------------  P R O C E S S  ---------------

Threads class SMR info:
_java_thread_list=0x00007ff8731defd8, length=0, elements={
}

Java Threads: ( => current thread )

Other Threads:
  0x000002a59920bef0 GCTaskThread "GC Thread#0" [stack: 0x000000ea19400000,0x000000ea19500000] [id=17132]
  0x000002a5b52d0080 ConcurrentGCThread "G1 Main Marker" [stack: 0x000000ea19500000,0x000000ea19600000] [id=19656]
  0x000002a59920d370 ConcurrentGCThread "G1 Conc#0" [stack: 0x000000ea19600000,0x000000ea19700000] [id=3204]

[error occurred during error reporting (printing all threads), id 0xc0000005, EXCEPTION_ACCESS_VIOLATION (0xc0000005) at pc=0x00007ff872991547]

VM state: not at safepoint (not fully initialized)

VM Mutex/Monitor currently owned by a thread:  ([mutex/lock_event])
[0x000002a599199080] Heap_lock - owner thread: 0x000002a5991a0380

Heap address: 0x0000000702600000, size: 4058 MB, Compressed Oops mode: Zero based, Oop shift amount: 3

CDS archive(s) mapped at: [0x0000000000000000-0x0000000000000000-0x0000000000000000), size 0, SharedBaseAddress: 0x0000000800000000, ArchiveRelocationMode: 1.
Narrow klass base: 0x0000000000000000, Narrow klass shift: 0, Narrow klass range: 0x0

GC Precious Log:
<Empty>

Heap:
 garbage-first heap   total 0K, used 0K [0x0000000702600000, 0x0000000800000000)
  region size 2048K, 0 young (0K), 0 survivors (0K)
 Metaspace       used 0K, committed 0K, reserved 0K
  class space    used 0K, committed 0K, reserved 0K

Heap Regions: E=young(eden), S=young(survivor), O=old, HS=humongous(starts), HC=humongous(continues), CS=collection set, F=free, OA=open archive, CA=closed archive, TAMS=top-at-mark-start (previous, next)

Card table byte_map: [0x000002a5ac400000,0x000002a5acbf0000] _byte_map_base: 0x000002a5a8bed000

Marking Bits (Prev, Next): (CMBitMap*) 0x000002a59920c510, (CMBitMap*) 0x000002a59920c550
 Prev Bits: [0x000002a5ad3e0000, 0x000002a5b1348000)
 Next Bits: [0x000002a5b1350000, 0x000002a5b52b8000)

GC Heap History (0 events):
No events

Dll operation events (1 events):
Event: 0.049 Loaded shared library C:\Program Files\JetBrains\IntelliJ IDEA Community Edition 2024.1.4\jbr\bin\java.dll

Deoptimization events (0 events):
No events

Classes unloaded (0 events):
No events

Classes redefined (0 events):
No events

Internal exceptions (0 events):
No events

VM Operations (0 events):
No events

Events (0 events):
No events


Dynamic libraries:
0x00007ff602800000 - 0x00007ff60280a000 	C:\Program Files\JetBrains\IntelliJ IDEA Community Edition 2024.1.4\jbr\bin\java.exe
0x00007ff908e10000 - 0x00007ff909008000 	C:\WINDOWS\SYSTEM32\ntdll.dll
0x00007ff907080000 - 0x00007ff907141000 	C:\WINDOWS\System32\KERNEL32.DLL
0x00007ff906790000 - 0x00007ff906a86000 	C:\WINDOWS\System32\KERNELBASE.dll
0x00007ff906cd0000 - 0x00007ff906dd0000 	C:\WINDOWS\System32\ucrtbase.dll
0x00007ff8d63e0000 - 0x00007ff8d63f7000 	C:\Program Files\JetBrains\IntelliJ IDEA Community Edition 2024.1.4\jbr\bin\jli.dll
0x00007ff8c0a00000 - 0x00007ff8c0a1b000 	C:\Program Files\JetBrains\IntelliJ IDEA Community Edition 2024.1.4\jbr\bin\VCRUNTIME140.dll
0x00007ff908460000 - 0x00007ff9085ff000 	C:\WINDOWS\System32\USER32.dll
0x00007ff906600000 - 0x00007ff906622000 	C:\WINDOWS\System32\win32u.dll
0x00007ff908630000 - 0x00007ff90865b000 	C:\WINDOWS\System32\GDI32.dll
0x00007ff906b30000 - 0x00007ff906c47000 	C:\WINDOWS\System32\gdi32full.dll
0x00007ff906a90000 - 0x00007ff906b2d000 	C:\WINDOWS\System32\msvcp_win.dll
0x00007ff8edf90000 - 0x00007ff8ee22a000 	C:\WINDOWS\WinSxS\amd64_microsoft.windows.common-controls_6595b64144ccf1df_6.0.19041.4355_none_60b8b9eb71f62e16\COMCTL32.dll
0x00007ff907200000 - 0x00007ff90729e000 	C:\WINDOWS\System32\msvcrt.dll
0x00007ff908600000 - 0x00007ff90862f000 	C:\WINDOWS\System32\IMM32.DLL
0x00007ff8f0a50000 - 0x00007ff8f0c52000 	C:\WINDOWS\system32\tmumh\20019\AddOn\8.55.0.1288\TmUmEvt64.dll
0x00007ff907060000 - 0x00007ff907068000 	C:\WINDOWS\System32\PSAPI.DLL
0x00007ff9083b0000 - 0x00007ff908460000 	C:\WINDOWS\System32\ADVAPI32.dll
0x00007ff907c60000 - 0x00007ff907d00000 	C:\WINDOWS\System32\sechost.dll
0x00007ff907de0000 - 0x00007ff907f03000 	C:\WINDOWS\System32\RPCRT4.dll
0x00007ff906c50000 - 0x00007ff906c77000 	C:\WINDOWS\System32\bcrypt.dll
0x0000000070740000 - 0x00000000708d7000 	C:\WINDOWS\system32\tmumh\20019\TmMon\2.9.0.1084\tmmon64.dll
0x00007ff8e24f0000 - 0x00007ff8e282e000 	C:\WINDOWS\System32\TmLWE\TmUmSnsr64\1.0.0.1132\TmUmSnsr64.dll
0x00007ff904cd0000 - 0x00007ff904ce2000 	C:\WINDOWS\SYSTEM32\kernel.appcore.dll
0x00007ff8fea30000 - 0x00007ff8fea3c000 	C:\Program Files\JetBrains\IntelliJ IDEA Community Edition 2024.1.4\jbr\bin\vcruntime140_1.dll
0x00007ff8afc00000 - 0x00007ff8afc8d000 	C:\Program Files\JetBrains\IntelliJ IDEA Community Edition 2024.1.4\jbr\bin\msvcp140.dll
0x00007ff8726a0000 - 0x00007ff873323000 	C:\Program Files\JetBrains\IntelliJ IDEA Community Edition 2024.1.4\jbr\bin\server\jvm.dll
0x00007ff9059f0000 - 0x00007ff905a3b000 	C:\WINDOWS\SYSTEM32\POWRPROF.dll
0x00007ff8edf00000 - 0x00007ff8edf09000 	C:\WINDOWS\SYSTEM32\WSOCK32.dll
0x00007ff907d00000 - 0x00007ff907d6b000 	C:\WINDOWS\System32\WS2_32.dll
0x00007ff8e0110000 - 0x00007ff8e0137000 	C:\WINDOWS\SYSTEM32\WINMM.dll
0x00007ff8fb040000 - 0x00007ff8fb04a000 	C:\WINDOWS\SYSTEM32\VERSION.dll
0x00007ff9058b0000 - 0x00007ff9058c2000 	C:\WINDOWS\SYSTEM32\UMPDC.dll
0x00007ff8f7e20000 - 0x00007ff8f7e2a000 	C:\Program Files\JetBrains\IntelliJ IDEA Community Edition 2024.1.4\jbr\bin\jimage.dll
0x00007ff904250000 - 0x00007ff904434000 	C:\WINDOWS\SYSTEM32\DBGHELP.DLL
0x00007ff8eb780000 - 0x00007ff8eb7b4000 	C:\WINDOWS\SYSTEM32\dbgcore.DLL
0x00007ff9064c0000 - 0x00007ff906542000 	C:\WINDOWS\System32\bcryptPrimitives.dll
0x00007ff8d98d0000 - 0x00007ff8d98f5000 	C:\Program Files\JetBrains\IntelliJ IDEA Community Edition 2024.1.4\jbr\bin\java.dll

dbghelp: loaded successfully - version: 4.0.5 - missing functions: none
symbol engine: initialized successfully - sym options: 0x614 - pdb path: .;C:\Program Files\JetBrains\IntelliJ IDEA Community Edition 2024.1.4\jbr\bin;C:\WINDOWS\SYSTEM32;C:\WINDOWS\WinSxS\amd64_microsoft.windows.common-controls_6595b64144ccf1df_6.0.19041.4355_none_60b8b9eb71f62e16;C:\WINDOWS\system32\tmumh\20019\AddOn\8.55.0.1288;C:\WINDOWS\system32\tmumh\20019\TmMon\2.9.0.1084;C:\WINDOWS\System32\TmLWE\TmUmSnsr64\1.0.0.1132;C:\Program Files\JetBrains\IntelliJ IDEA Community Edition 2024.1.4\jbr\bin\server

VM Arguments:
jvm_args: -Djava.vendor=New Oracle 
java_command: git4idea.http.GitAskPassApp Username for 'https://github.com': 
java_class_path (initial): C:/Program Files/JetBrains/IntelliJ IDEA Community Edition 2024.1.4/plugins/vcs-git/lib/git4idea-rt.jar;C:/Program Files/JetBrains/IntelliJ IDEA Community Edition 2024.1.4/lib/externalProcess-rt.jar
Launcher Type: SUN_STANDARD

[Global flags]
     intx CICompilerCount                          = 4                                         {product} {ergonomic}
     uint ConcGCThreads                            = 2                                         {product} {ergonomic}
     uint G1ConcRefinementThreads                  = 8                                         {product} {ergonomic}
   size_t G1HeapRegionSize                         = 2097152                                   {product} {ergonomic}
    uintx GCDrainStackTargetSize                   = 64                                        {product} {ergonomic}
   size_t InitialHeapSize                          = 266338304                                 {product} {ergonomic}
   size_t MarkStackSize                            = 4194304                                   {product} {ergonomic}
   size_t MaxHeapSize                              = 4255121408                                {product} {ergonomic}
   size_t MinHeapDeltaBytes                        = 2097152                                   {product} {ergonomic}
   size_t MinHeapSize                              = 8388608                                   {product} {ergonomic}
    uintx NonNMethodCodeHeapSize                   = 5839372                                {pd product} {ergonomic}
    uintx NonProfiledCodeHeapSize                  = 122909434                              {pd product} {ergonomic}
    uintx ProfiledCodeHeapSize                     = 122909434                              {pd product} {ergonomic}
    uintx ReservedCodeCacheSize                    = 251658240                              {pd product} {ergonomic}
     bool SegmentedCodeCache                       = true                                      {product} {ergonomic}
   size_t SoftMaxHeapSize                          = 4255121408                             {manageable} {ergonomic}
     bool UseCompressedClassPointers               = true                           {product lp64_product} {ergonomic}
     bool UseCompressedOops                        = true                           {product lp64_product} {ergonomic}
     bool UseG1GC                                  = true                                      {product} {ergonomic}
     bool UseLargePagesIndividualAllocation        = false                                  {pd product} {ergonomic}

Logging:
Log output configuration:
 #0: stdout all=warning uptime,level,tags
 #1: stderr all=off uptime,level,tags

Environment Variables:
JAVA_HOME=C:\Program Files\Zulu\zulu-8\bin
JAVA_TOOL_OPTIONS=-Djava.vendor="New Oracle"
PATH=C:\Program Files\Git\mingw64\libexec\git-core;C:\Program Files\Git\mingw64\libexec\git-core;C:\Program Files\Git\mingw64\bin;C:\Program Files\Git\usr\bin;C:\Users\bzakaria\bin;C:\Program Files\Common Files\Oracle\Java\javapath;C:\Program Files\Eclipse Adoptium\jre-11.0.18.10-hotspot\bin;C:\DevSuiteHome_2\jdk\jre\bin\client;C:\DevSuiteHome_2\bin;C:\DevSuiteHome_2\jlib;C:\app\ZBELHISSI\product\11.2.0\client_1;C:\app\ZBELHISSI\product\11.2.0\client_2;C:\WINDOWS\system32;C:\WINDOWS;C:\WINDOWS\System32\Wbem;C:\WINDOWS\System32\WindowsPowerShell\v1.0;C:\WINDOWS\System32\OpenSSH;C:\Program Files (x86)\Common Files\Pulse Secure\VC142.CRT\X64;C:\Program Files (x86)\Common Files\Pulse Secure\VC142.CRT\X86;C:\Program Files\PuTTY;C:\Program Files\Zulu\zulu-8\bin;C:\Program Files\Git\cmd;C:\Program Files\Microsoft VS Code\bin;C:\Users\bzakaria\AppData\Local\Microsoft\WindowsApps;C:\Program Files\JetBrains\IntelliJ IDEA 2023.2.2\bin
USERNAME=bzakaria
DISPLAY=:0.0
LC_ALL=en_US.UTF-8
TERM=xterm-256color
TMPDIR=C:\Users\bzakaria\AppData\Local\Temp
OS=Windows_NT
PROCESSOR_IDENTIFIER=Intel64 Family 6 Model 142 Stepping 10, GenuineIntel
TMP=C:\Users\bzakaria\AppData\Local\Temp
TEMP=C:\Users\bzakaria\AppData\Local\Temp



Periodic native trim disabled

JNI global refs:
JNI global refs: 0, weak refs: 0

JNI global refs memory usage: 0, weak refs: 0

Process memory usage:
Resident Set Size: 15972K (0% of 16616664K total physical memory with 1053760K free physical memory)

OOME stack traces (most recent first):
Classloader memory used:


---------------  S Y S T E M  ---------------

OS:
 Windows 10 , 64 bit Build 19041 (10.0.19041.4597)
OS uptime: 1 days 13:38 hours

CPU: total 8 (initial active 8) (4 cores per cpu, 2 threads per core) family 6 model 142 stepping 10 microcode 0xf4, cx8, cmov, fxsr, ht, mmx, 3dnowpref, sse, sse2, sse3, ssse3, sse4.1, sse4.2, popcnt, lzcnt, tsc, tscinvbit, avx, avx2, aes, erms, clmul, bmi1, bmi2, adx, fma, vzeroupper, clflush, clflushopt
Processor Information for processor 0
  Max Mhz: 1992, Current Mhz: 1792, Mhz Limit: 1792
Processor Information for processor 1
  Max Mhz: 1992, Current Mhz: 1792, Mhz Limit: 1792
Processor Information for processor 2
  Max Mhz: 1992, Current Mhz: 1494, Mhz Limit: 1792
Processor Information for processor 3
  Max Mhz: 1992, Current Mhz: 1494, Mhz Limit: 1792
Processor Information for processor 4
  Max Mhz: 1992, Current Mhz: 1792, Mhz Limit: 1792
Processor Information for processor 5
  Max Mhz: 1992, Current Mhz: 1792, Mhz Limit: 1792
Processor Information for processor 6
  Max Mhz: 1992, Current Mhz: 1792, Mhz Limit: 1792
Processor Information for processor 7
  Max Mhz: 1992, Current Mhz: 1792, Mhz Limit: 1792

Memory: 4k page, system-wide physical 16227M (1027M free)
TotalPageFile size 18275M (AvailPageFile size 99M)
current process WorkingSet (physical memory assigned to process): 15M, peak: 15M
current process commit charge ("private bytes"): 65M, peak: 319M

vm_info: OpenJDK 64-Bit Server VM (17.0.11+1-b1207.24) for windows-amd64 JRE (17.0.11+1-b1207.24), built on 2024-05-15 by "builduser" with MS VC++ 16.10 / 16.11 (VS2019)

END.
